Watching for file changes with StatReloader
"POST /api/v1/auth/login/ HTTP/1.1" 200 920
Internal Server Error: /api/v1/papers/ai-format/
"POST /api/v1/papers/ai-format/ HTTP/1.1" 500 59
Watching for file changes with StatReloader
"POST /api/v1/papers/ai-format/ HTTP/1.1" 200 10639
"GET /admin/core/prompttemplate/ HTTP/1.1" 200 25380
"GET /admin/jsi18n/ HTTP/1.1" 200 3342
"GET /admin/core/prompttemplate/1/change/ HTTP/1.1" 200 26662
"GET /admin/jsi18n/ HTTP/1.1" 200 3342
"POST /admin/core/prompttemplate/1/change/ HTTP/1.1" 302 0
"GET /admin/core/prompttemplate/ HTTP/1.1" 200 25623
"GET /admin/jsi18n/ HTTP/1.1" 200 3342
Watching for file changes with StatReloader
"POST /api/v1/papers/ai-format/ HTTP/1.1" 200 15244
Watching for file changes with StatReloader
"POST /api/v1/papers/ai-format/ HTTP/1.1" 200 18765
Watching for file changes with StatReloader
Watching for file changes with StatReloader
Watching for file changes with StatReloader
Watching for file changes with StatReloader
"POST /api/v1/papers/ai-format/ HTTP/1.1" 200 9691
"POST /api/v1/papers/ai-format/ HTTP/1.1" 200 12537
Watching for file changes with StatReloader
Watching for file changes with StatReloader
"POST /api/v1/papers/ai-format/ HTTP/1.1" 200 4711
"POST /api/v1/papers/ai-format/ HTTP/1.1" 200 6409
"POST /api/v1/papers/ai-format/ HTTP/1.1" 200 5244
Watching for file changes with StatReloader
Watching for file changes with StatReloader
"POST /api/v1/papers/ai-format/ HTTP/1.1" 200 7755
Watching for file changes with StatReloader
"POST /api/v1/papers/ai-format/ HTTP/1.1" 200 29343
"POST /api/v1/papers/ai-format/ HTTP/1.1" 200 4619
Watching for file changes with StatReloader
"POST /api/v1/papers/ai-format/ HTTP/1.1" 200 22648
Watching for file changes with StatReloader
Watching for file changes with StatReloader
"POST /api/v1/papers/ai-format/ HTTP/1.1" 200 21749
Watching for file changes with StatReloader
Watching for file changes with StatReloader
"POST /api/v1/papers/ai-format/ HTTP/1.1" 200 8952
Watching for file changes with StatReloader
